0 info it worked if it ends with ok
1 verbose cli [ '/usr/bin/nodejs', '/usr/bin/npm', 'start' ]
2 info using npm@1.4.21
3 info using node@v4.7.2
4 verbose run-script [ 'prestart', 'start', 'poststart' ]
5 info prestart vscode-react-intellisense@0.0.2
6 info start vscode-react-intellisense@0.0.2
7 verbose unsafe-perm in lifecycle true
8 info vscode-react-intellisense@0.0.2 Failed to exec start script
9 error vscode-react-intellisense@0.0.2 start: `clear && node server.js & watchify ./public/index.js -v -t babelify -o ./public/bundle.js`
9 error Exit status 139
10 error Failed at the vscode-react-intellisense@0.0.2 start script.
10 error This is most likely a problem with the vscode-react-intellisense package,
10 error not with npm itself.
10 error Tell the author that this fails on your system:
10 error     clear && node server.js & watchify ./public/index.js -v -t babelify -o ./public/bundle.js
10 error You can get their info via:
10 error     npm owner ls vscode-react-intellisense
10 error There is likely additional logging output above.
11 error System Linux 4.9.0-2-amd64
12 error command "/usr/bin/nodejs" "/usr/bin/npm" "start"
13 error cwd /home/wind85/Documents/js/waterandboards
14 error node -v v4.7.2
15 error npm -v 1.4.21
16 error code ELIFECYCLE
17 verbose exit [ 1, true ]
